Determining if the pthread_create exist failed with the following output:
Change Dir: /home/seonghun/RL_project/build/CMakeFiles/CMakeTmp

Run Build Command:"/usr/bin/make" "cmTC_e72aa/fast"
/usr/bin/make -f CMakeFiles/cmTC_e72aa.dir/build.make CMakeFiles/cmTC_e72aa.dir/build
make[1]: Entering directory '/home/seonghun/RL_project/build/CMakeFiles/CMakeTmp'
Building C object CMakeFiles/cmTC_e72aa.dir/CheckSymbolExists.c.o
/usr/bin/cc    -o CMakeFiles/cmTC_e72aa.dir/CheckSymbolExists.c.o   -c /home/seonghun/RL_project/build/CMakeFiles/CMakeTmp/CheckSymbolExists.c
Linking C executable cmTC_e72aa
/usr/bin/cmake -E cmake_link_script CMakeFiles/cmTC_e72aa.dir/link.txt --verbose=1
/usr/bin/cc      -rdynamic CMakeFiles/cmTC_e72aa.dir/CheckSymbolExists.c.o  -o cmTC_e72aa 
CMakeFiles/cmTC_e72aa.dir/CheckSymbolExists.c.o: In function `main':
CheckSymbolExists.c:(.text+0x1b): undefined reference to `pthread_create'
collect2: error: ld returned 1 exit status
CMakeFiles/cmTC_e72aa.dir/build.make:97: recipe for target 'cmTC_e72aa' failed
make[1]: *** [cmTC_e72aa] Error 1
make[1]: Leaving directory '/home/seonghun/RL_project/build/CMakeFiles/CMakeTmp'
Makefile:126: recipe for target 'cmTC_e72aa/fast' failed
make: *** [cmTC_e72aa/fast] Error 2

File /home/seonghun/RL_project/build/CMakeFiles/CMakeTmp/CheckSymbolExists.c:
/* */
#include <pthread.h>

int main(int argc, char** argv)
{
  (void)argv;
#ifndef pthread_create
  return ((int*)(&pthread_create))[argc];
#else
  (void)argc;
  return 0;
#endif
}

Determining if the function pthread_create exists in the pthreads failed with the following output:
Change Dir: /home/seonghun/RL_project/build/CMakeFiles/CMakeTmp

Run Build Command:"/usr/bin/make" "cmTC_98a3a/fast"
/usr/bin/make -f CMakeFiles/cmTC_98a3a.dir/build.make CMakeFiles/cmTC_98a3a.dir/build
make[1]: Entering directory '/home/seonghun/RL_project/build/CMakeFiles/CMakeTmp'
Building C object CMakeFiles/cmTC_98a3a.dir/CheckFunctionExists.c.o
/usr/bin/cc   -DCHECK_FUNCTION_EXISTS=pthread_create   -o CMakeFiles/cmTC_98a3a.dir/CheckFunctionExists.c.o   -c /usr/share/cmake-3.10/Modules/CheckFunctionExists.c
Linking C executable cmTC_98a3a
/usr/bin/cmake -E cmake_link_script CMakeFiles/cmTC_98a3a.dir/link.txt --verbose=1
/usr/bin/cc  -DCHECK_FUNCTION_EXISTS=pthread_create    -rdynamic CMakeFiles/cmTC_98a3a.dir/CheckFunctionExists.c.o  -o cmTC_98a3a -lpthreads 
/usr/bin/ld: cannot find -lpthreads
collect2: error: ld returned 1 exit status
CMakeFiles/cmTC_98a3a.dir/build.make:97: recipe for target 'cmTC_98a3a' failed
make[1]: *** [cmTC_98a3a] Error 1
make[1]: Leaving directory '/home/seonghun/RL_project/build/CMakeFiles/CMakeTmp'
Makefile:126: recipe for target 'cmTC_98a3a/fast' failed
make: *** [cmTC_98a3a/fast] Error 2


